# JRE version: OpenJDK Runtime Environment (8.0_152-b01) (build 1.8.0_152-release-915-b01)
# Java VM: OpenJDK 64-Bit Server VM (25.152-b01 mixed mode windows-amd64 compressed oops)
Heap:
 PSYoungGen      total 417792K, used 417584K [0x00000000e0000000, 0x00000000fc800000, 0x0000000100000000)
  eden space 398848K, 100% used [0x00000000e0000000,0x00000000f8580000,0x00000000f8580000)
  from space 18944K, 98% used [0x00000000f9e00000,0x00000000fb04c120,0x00000000fb080000)
  to   space 24064K, 99% used [0x00000000fb080000,0x00000000fc7df120,0x00000000fc800000)
 ParOldGen       total 164352K, used 66635K [0x00000000a0000000, 0x00000000aa080000, 0x00000000e0000000)
  object space 164352K, 40% used [0x00000000a0000000,0x00000000a4112fd8,0x00000000aa080000)
 Metaspace       used 87960K, capacity 94860K, committed 95104K, reserved 1132544K
  class space    used 11125K, capacity 12662K, committed 12672K, reserved 1048576K
GC Heap History (10 events):
Event: 1202.749 GC heap after
Heap after GC invocations=16 (full 3):
 PSYoungGen      total 496640K, used 27646K [0x00000000e0000000, 0x0000000100000000, 0x0000000100000000)
  eden space 468992K, 0% used [0x00000000e0000000,0x00000000e0000000,0x00000000fca00000)
  from space 27648K, 99% used [0x00000000fca00000,0x00000000fe4ffa60,0x00000000fe500000)
  to   space 27648K, 0% used [0x00000000fe500000,0x00000000fe500000,0x0000000100000000)
 ParOldGen       total 164352K, used 60340K [0x00000000a0000000, 0x00000000aa080000, 0x00000000e0000000)
  object space 164352K, 36% used [0x00000000a0000000,0x00000000a3aed2a0,0x00000000aa080000)
 Metaspace       used 83866K, capacity 88712K, committed 88960K, reserved 1126400K
  class space    used 10657K, capacity 11793K, committed 11904K, reserved 1048576K
}
Event: 2384.921 GC heap before
{Heap before GC invocations=17 (full 3):
 PSYoungGen      total 496640K, used 496633K [0x00000000e0000000, 0x0000000100000000, 0x0000000100000000)
  eden space 468992K, 99% used [0x00000000e0000000,0x00000000fc9febe8,0x00000000fca00000)
  from space 27648K, 99% used [0x00000000fca00000,0x00000000fe4ffa60,0x00000000fe500000)
  to   space 27648K, 0% used [0x00000000fe500000,0x00000000fe500000,0x0000000100000000)
 ParOldGen       total 164352K, used 60340K [0x00000000a0000000, 0x00000000aa080000, 0x00000000e0000000)
  object space 164352K, 36% used [0x00000000a0000000,0x00000000a3aed2a0,0x00000000aa080000)
 Metaspace       used 84730K, capacity 89790K, committed 89856K, reserved 1126400K
  class space    used 10778K, capacity 11974K, committed 12032K, reserved 1048576K
Event: 2384.942 GC heap after
Heap after GC invocations=17 (full 3):
 PSYoungGen      total 467968K, used 14574K [0x00000000e0000000, 0x00000000ff680000, 0x0000000100000000)
  eden space 450048K, 0% used [0x00000000e0000000,0x00000000e0000000,0x00000000fb780000)
  from space 17920K, 81% used [0x00000000fe500000,0x00000000ff33b968,0x00000000ff680000)
  to   space 32256K, 0% used [0x00000000fb780000,0x00000000fb780000,0x00000000fd700000)
 ParOldGen       total 164352K, used 66083K [0x00000000a0000000, 0x00000000aa080000, 0x00000000e0000000)
  object space 164352K, 40% used [0x00000000a0000000,0x00000000a4088fa8,0x00000000aa080000)
 Metaspace       used 84730K, capacity 89790K, committed 89856K, reserved 1126400K
  class space    used 10778K, capacity 11974K, committed 12032K, reserved 1048576K
}
Event: 2677.563 GC heap before
{Heap before GC invocations=18 (full 3):
 PSYoungGen      total 467968K, used 464622K [0x00000000e0000000, 0x00000000ff680000, 0x0000000100000000)
  eden space 450048K, 100% used [0x00000000e0000000,0x00000000fb780000,0x00000000fb780000)
  from space 17920K, 81% used [0x00000000fe500000,0x00000000ff33b968,0x00000000ff680000)
  to   space 32256K, 0% used [0x00000000fb780000,0x00000000fb780000,0x00000000fd700000)
 ParOldGen       total 164352K, used 66083K [0x00000000a0000000, 0x00000000aa080000, 0x00000000e0000000)
  object space 164352K, 40% used [0x00000000a0000000,0x00000000a4088fa8,0x00000000aa080000)
 Metaspace       used 86293K, capacity 92096K, committed 92160K, reserved 1128448K
  class space    used 10958K, capacity 12275K, committed 12288K, reserved 1048576K
Event: 2677.578 GC heap after
Heap after GC invocations=18 (full 3):
 PSYoungGen      total 448000K, used 15683K [0x00000000e0000000, 0x00000000fe580000, 0x0000000100000000)
  eden space 432128K, 0% used [0x00000000e0000000,0x00000000e0000000,0x00000000fa600000)
  from space 15872K, 98% used [0x00000000fb780000,0x00000000fc6d0e18,0x00000000fc700000)
  to   space 30720K, 0% used [0x00000000fc780000,0x00000000fc780000,0x00000000fe580000)
 ParOldGen       total 164352K, used 66611K [0x00000000a0000000, 0x00000000aa080000, 0x00000000e0000000)
  object space 164352K, 40% used [0x00000000a0000000,0x00000000a410cfd8,0x00000000aa080000)
 Metaspace       used 86293K, capacity 92096K, committed 92160K, reserved 1128448K
  class space    used 10958K, capacity 12275K, committed 12288K, reserved 1048576K
}
Event: 6204.785 GC heap before
{Heap before GC invocations=19 (full 3):
 PSYoungGen      total 448000K, used 447811K [0x00000000e0000000, 0x00000000fe580000, 0x0000000100000000)
  eden space 432128K, 100% used [0x00000000e0000000,0x00000000fa600000,0x00000000fa600000)
  from space 15872K, 98% used [0x00000000fb780000,0x00000000fc6d0e18,0x00000000fc700000)
  to   space 30720K, 0% used [0x00000000fc780000,0x00000000fc780000,0x00000000fe580000)
 ParOldGen       total 164352K, used 66611K [0x00000000a0000000, 0x00000000aa080000, 0x00000000e0000000)
  object space 164352K, 40% used [0x00000000a0000000,0x00000000a410cfd8,0x00000000aa080000)
 Metaspace       used 87199K, capacity 93646K, committed 93696K, reserved 1130496K
  class space    used 11061K, capacity 12509K, committed 12544K, reserved 1048576K
Event: 6204.804 GC heap after
Heap after GC invocations=19 (full 3):
 PSYoungGen      total 433152K, used 17749K [0x00000000e0000000, 0x00000000fd900000, 0x0000000100000000)
  eden space 415232K, 0% used [0x00000000e0000000,0x00000000e0000000,0x00000000f9580000)
  from space 17920K, 99% used [0x00000000fc780000,0x00000000fd8d57c8,0x00000000fd900000)
  to   space 30208K, 0% used [0x00000000f9e00000,0x00000000f9e00000,0x00000000fbb80000)
 ParOldGen       total 164352K, used 66619K [0x00000000a0000000, 0x00000000aa080000, 0x00000000e0000000)
  object space 164352K, 40% used [0x00000000a0000000,0x00000000a410efd8,0x00000000aa080000)
 Metaspace       used 87199K, capacity 93646K, committed 93696K, reserved 1130496K
  class space    used 11061K, capacity 12509K, committed 12544K, reserved 1048576K
}
Event: 6221.167 GC heap before
{Heap before GC invocations=20 (full 3):
 PSYoungGen      total 433152K, used 432981K [0x00000000e0000000, 0x00000000fd900000, 0x0000000100000000)
  eden space 415232K, 100% used [0x00000000e0000000,0x00000000f9580000,0x00000000f9580000)
  from space 17920K, 99% used [0x00000000fc780000,0x00000000fd8d57c8,0x00000000fd900000)
  to   space 30208K, 0% used [0x00000000f9e00000,0x00000000f9e00000,0x00000000fbb80000)
 ParOldGen       total 164352K, used 66619K [0x00000000a0000000, 0x00000000aa080000, 0x00000000e0000000)
  object space 164352K, 40% used [0x00000000a0000000,0x00000000a410efd8,0x00000000aa080000)
 Metaspace       used 87626K, capacity 94496K, committed 94592K, reserved 1130496K
  class space    used 11110K, capacity 12616K, committed 12672K, reserved 1048576K
Event: 6221.188 GC heap after
Heap after GC invocations=20 (full 3):
 PSYoungGen      total 417792K, used 18736K [0x00000000e0000000, 0x00000000fc800000, 0x0000000100000000)
  eden space 398848K, 0% used [0x00000000e0000000,0x00000000e0000000,0x00000000f8580000)
  from space 18944K, 98% used [0x00000000f9e00000,0x00000000fb04c120,0x00000000fb080000)
  to   space 24064K, 0% used [0x00000000fb080000,0x00000000fb080000,0x00000000fc800000)
 ParOldGen       total 164352K, used 66627K [0x00000000a0000000, 0x00000000aa080000, 0x00000000e0000000)
  object space 164352K, 40% used [0x00000000a0000000,0x00000000a4110fd8,0x00000000aa080000)
 Metaspace       used 87626K, capacity 94496K, committed 94592K, reserved 1130496K
  class space    used 11110K, capacity 12616K, committed 12672K, reserved 1048576K
}
Event: 7290.326 GC heap before
{Heap before GC invocations=21 (full 3):
 PSYoungGen      total 417792K, used 417584K [0x00000000e0000000, 0x00000000fc800000, 0x0000000100000000)
  eden space 398848K, 100% used [0x00000000e0000000,0x00000000f8580000,0x00000000f8580000)
  from space 18944K, 98% used [0x00000000f9e00000,0x00000000fb04c120,0x00000000fb080000)
  to   space 24064K, 0% used [0x00000000fb080000,0x00000000fb080000,0x00000000fc800000)
 ParOldGen       total 164352K, used 66627K [0x00000000a0000000, 0x00000000aa080000, 0x00000000e0000000)
  object space 164352K, 40% used [0x00000000a0000000,0x00000000a4110fd8,0x00000000aa080000)
 Metaspace       used 87960K, capacity 94860K, committed 95104K, reserved 1132544K
  class space    used 11125K, capacity 12662K, committed 12672K, reserved 1048576K

